<?xml version="1.0" encoding="UTF-8"?>
<testsuite xmlns:xsi="http://www.w3.org/2001/XMLSchema-instance" xsi:noNamespaceSchemaLocation="https://maven.apache.org/surefire/maven-surefire-plugin/xsd/surefire-test-report-3.0.xsd" version="3.0" name="com.example.demo.GatewayServiceApplicationTests" time="3.639" tests="1" errors="0" skipped="0" failures="0">
  <properties>
[...]
</properties>
  <testcase name="contextLoads" classname="com.example.demo.GatewayServiceApplicationTests" time="0.632">
    <system-out><![CDATA[12:22:57.976 [main] INFO org.springframework.test.context.support.AnnotationConfigContextLoaderUtils -- Could not detect default configuration classes for test class [com.example.demo.GatewayServiceApplicationTests]: GatewayServiceApplicationTests does not declare any static, non-private, non-final, nested classes annotated with @Configuration.
12:22:58.061 [main] INFO org.springframework.boot.test.context.SpringBootTestContextBootstrapper -- Found @SpringBootConfiguration com.example.demo.GatewayServiceApplication for test class com.example.demo.GatewayServiceApplicationTests

  .   ____          _            __ _ _
 /\\ / ___'_ __ _ _(_)_ __  __ _ \ \ \ \
( ( )\___ | '_ | '_| | '_ \/ _` | \ \ \ \
 \\/  ___)| |_)| | | | | || (_| |  ) ) ) )
  '  |____| .__|_| |_|_| |_\__, | / / / /
 =========|_|==============|___/=/_/_/_/
 :: Spring Boot ::                (v3.2.0)

2025-12-01T12:22:58.408+07:00  INFO 8068 --- [gateway-service] [           main] c.e.demo.GatewayServiceApplicationTests  : Starting GatewayServiceApplicationTests using Java 21.0.6 with PID 8068 (started by Lap in C:\Users\Lap\gk_libSOA\gateway-service)
2025-12-01T12:22:58.409+07:00  INFO 8068 --- [gateway-service] [           main] c.e.demo.GatewayServiceApplicationTests  : No active profile set, falling back to 1 default profile: "default"
2025-12-01T12:22:59.432+07:00  INFO 8068 --- [gateway-service] [           main] o.s.cloud.context.scope.GenericScope     : BeanFactory id=dca97c4f-5a68-3e72-a020-28f81ce093cf
2025-12-01T12:23:00.259+07:00  INFO 8068 --- [gateway-service] [           main] o.s.c.g.r.RouteDefinitionRouteLocator    : Loaded RoutePredicateFactory [After]
2025-12-01T12:23:00.259+07:00  INFO 8068 --- [gateway-service] [           main] o.s.c.g.r.RouteDefinitionRouteLocator    : Loaded RoutePredicateFactory [Before]
2025-12-01T12:23:00.259+07:00  INFO 8068 --- [gateway-service] [           main] o.s.c.g.r.RouteDefinitionRouteLocator    : Loaded RoutePredicateFactory [Between]
2025-12-01T12:23:00.259+07:00  INFO 8068 --- [gateway-service] [           main] o.s.c.g.r.RouteDefinitionRouteLocator    : Loaded RoutePredicateFactory [Cookie]
2025-12-01T12:23:00.259+07:00  INFO 8068 --- [gateway-service] [           main] o.s.c.g.r.RouteDefinitionRouteLocator    : Loaded RoutePredicateFactory [Header]
2025-12-01T12:23:00.259+07:00  INFO 8068 --- [gateway-service] [           main] o.s.c.g.r.RouteDefinitionRouteLocator    : Loaded RoutePredicateFactory [Host]
2025-12-01T12:23:00.259+07:00  INFO 8068 --- [gateway-service] [           main] o.s.c.g.r.RouteDefinitionRouteLocator    : Loaded RoutePredicateFactory [Method]
2025-12-01T12:23:00.259+07:00  INFO 8068 --- [gateway-service] [           main] o.s.c.g.r.RouteDefinitionRouteLocator    : Loaded RoutePredicateFactory [Path]
2025-12-01T12:23:00.259+07:00  INFO 8068 --- [gateway-service] [           main] o.s.c.g.r.RouteDefinitionRouteLocator    : Loaded RoutePredicateFactory [Query]
2025-12-01T12:23:00.259+07:00  INFO 8068 --- [gateway-service] [           main] o.s.c.g.r.RouteDefinitionRouteLocator    : Loaded RoutePredicateFactory [ReadBody]
2025-12-01T12:23:00.259+07:00  INFO 8068 --- [gateway-service] [           main] o.s.c.g.r.RouteDefinitionRouteLocator    : Loaded RoutePredicateFactory [RemoteAddr]
2025-12-01T12:23:00.259+07:00  INFO 8068 --- [gateway-service] [           main] o.s.c.g.r.RouteDefinitionRouteLocator    : Loaded RoutePredicateFactory [XForwardedRemoteAddr]
2025-12-01T12:23:00.259+07:00  INFO 8068 --- [gateway-service] [           main] o.s.c.g.r.RouteDefinitionRouteLocator    : Loaded RoutePredicateFactory [Weight]
2025-12-01T12:23:00.259+07:00  INFO 8068 --- [gateway-service] [           main] o.s.c.g.r.RouteDefinitionRouteLocator    : Loaded RoutePredicateFactory [CloudFoundryRouteService]
2025-12-01T12:23:00.494+07:00  INFO 8068 --- [gateway-service] [           main] o.s.b.a.e.web.EndpointLinksResolver      : Exposing 1 endpoint(s) beneath base path '/actuator'
2025-12-01T12:23:00.806+07:00  INFO 8068 --- [gateway-service] [           main] c.e.demo.GatewayServiceApplicationTests  : Started GatewayServiceApplicationTests in 2.62 seconds (process running for 3.384)
]]></system-out>
    <system-err><![CDATA[WARNING: A Java agent has been loaded dynamically (C:\Users\Lap\.m2\repository\net\bytebuddy\byte-buddy-agent\1.14.10\byte-buddy-agent-1.14.10.jar)
WARNING: If a serviceability tool is in use, please run with -XX:+EnableDynamicAgentLoading to hide this warning
WARNING: If a serviceability tool is not in use, please run with -Djdk.instrument.traceUsage for more information
WARNING: Dynamic loading of agents will be disallowed by default in a future release
]]></system-err>
  </testcase>
</testsuite>